2026-03-29 12:59:53,232 [INFO] ============================================================
2026-03-29 12:59:53,233 [INFO] 微信公众号文章批量抓取脚本启动
2026-03-29 12:59:53,233 [INFO] ============================================================
2026-03-29 12:59:53,237 [INFO] 共加载 438 篇文章
2026-03-29 12:59:53,238 [INFO] 当前进度: 已完成 438, 失败 0
2026-03-29 12:59:53,238 [INFO] [440] 跳过: 已完成
2026-03-29 12:59:53,238 [INFO] [439] 跳过: 已完成
2026-03-29 12:59:53,238 [INFO] [438] 跳过: 已完成
2026-03-29 12:59:53,238 [INFO] [437] 跳过: 已完成
2026-03-29 12:59:53,238 [INFO] [436] 跳过: 已完成
2026-03-29 12:59:53,239 [INFO] [435] 跳过: 已完成
2026-03-29 12:59:53,239 [INFO] [434] 跳过: 已完成
2026-03-29 12:59:53,239 [INFO] [432] 跳过: 已完成
2026-03-29 12:59:53,239 [INFO] [431] 跳过: 已完成
2026-03-29 12:59:53,239 [INFO] [430] 跳过: 已完成
2026-03-29 12:59:53,239 [INFO] [429] 跳过: 已完成
2026-03-29 12:59:53,240 [INFO] [428] 跳过: 已完成
2026-03-29 12:59:53,240 [INFO] [427] 跳过: 已完成
2026-03-29 12:59:53,240 [INFO] [426] 跳过: 已完成
2026-03-29 12:59:53,241 [INFO] [425] 跳过: 已完成
2026-03-29 12:59:53,241 [INFO] [424] 跳过: 已完成
2026-03-29 12:59:53,241 [INFO] [423] 跳过: 已完成
2026-03-29 12:59:53,241 [INFO] [422] 跳过: 已完成
2026-03-29 12:59:53,242 [INFO] [421] 跳过: 已完成
2026-03-29 12:59:53,242 [INFO] [420] 跳过: 已完成
2026-03-29 12:59:53,242 [INFO] [419] 跳过: 已完成
2026-03-29 12:59:53,242 [INFO] [418] 跳过: 已完成
2026-03-29 12:59:53,243 [INFO] [417] 跳过: 已完成
2026-03-29 12:59:53,243 [INFO] [416] 跳过: 已完成
2026-03-29 12:59:53,243 [INFO] [415] 跳过: 已完成
2026-03-29 12:59:53,243 [INFO] [414] 跳过: 已完成
2026-03-29 12:59:53,244 [INFO] [413] 跳过: 已完成
2026-03-29 12:59:53,244 [INFO] [412] 跳过: 已完成
2026-03-29 12:59:53,244 [INFO] [411] 跳过: 已完成
2026-03-29 12:59:53,244 [INFO] [410] 跳过: 已完成
2026-03-29 12:59:53,245 [INFO] [409] 跳过: 已完成
2026-03-29 12:59:53,245 [INFO] [408] 跳过: 已完成
2026-03-29 12:59:53,245 [INFO] [407] 跳过: 已完成
2026-03-29 12:59:53,245 [INFO] [406] 跳过: 已完成
2026-03-29 12:59:53,246 [INFO] [405] 跳过: 已完成
2026-03-29 12:59:53,246 [INFO] [404] 跳过: 已完成
2026-03-29 12:59:53,246 [INFO] [403] 跳过: 已完成
2026-03-29 12:59:53,246 [INFO] [402] 跳过: 已完成
2026-03-29 12:59:53,247 [INFO] [401] 跳过: 已完成
2026-03-29 12:59:53,247 [INFO] [400] 跳过: 已完成
2026-03-29 12:59:53,247 [INFO] [399] 跳过: 已完成
2026-03-29 12:59:53,248 [INFO] [398] 跳过: 已完成
2026-03-29 12:59:53,248 [INFO] [397] 跳过: 已完成
2026-03-29 12:59:53,248 [INFO] [396] 跳过: 已完成
2026-03-29 12:59:53,248 [INFO] [395] 跳过: 已完成
2026-03-29 12:59:53,249 [INFO] [394] 跳过: 已完成
2026-03-29 12:59:53,249 [INFO] [393] 跳过: 已完成
2026-03-29 12:59:53,249 [INFO] [392] 跳过: 已完成
2026-03-29 12:59:53,249 [INFO] [391] 跳过: 已完成
2026-03-29 12:59:53,250 [INFO] [390] 跳过: 已完成
2026-03-29 12:59:53,250 [INFO] [389] 跳过: 已完成
2026-03-29 12:59:53,250 [INFO] [388] 跳过: 已完成
2026-03-29 12:59:53,250 [INFO] [387] 跳过: 已完成
2026-03-29 12:59:53,251 [INFO] [386] 跳过: 已完成
2026-03-29 12:59:53,251 [INFO] [385] 跳过: 已完成
2026-03-29 12:59:53,251 [INFO] [384] 跳过: 已完成
2026-03-29 12:59:53,251 [INFO] [383] 跳过: 已完成
2026-03-29 12:59:53,252 [INFO] [382] 跳过: 已完成
2026-03-29 12:59:53,252 [INFO] [381] 跳过: 已完成
2026-03-29 12:59:53,252 [INFO] [380] 跳过: 已完成
2026-03-29 12:59:53,252 [INFO] [379] 跳过: 已完成
2026-03-29 12:59:53,252 [INFO] [378] 跳过: 已完成
2026-03-29 12:59:53,253 [INFO] [377] 跳过: 已完成
2026-03-29 12:59:53,253 [INFO] [376] 跳过: 已完成
2026-03-29 12:59:53,253 [INFO] [375] 跳过: 已完成
2026-03-29 12:59:53,253 [INFO] [374] 跳过: 已完成
2026-03-29 12:59:53,254 [INFO] [373] 跳过: 已完成
2026-03-29 12:59:53,254 [INFO] [372] 跳过: 已完成
2026-03-29 12:59:53,254 [INFO] [371] 跳过: 已完成
2026-03-29 12:59:53,254 [INFO] [370] 跳过: 已完成
2026-03-29 12:59:53,255 [INFO] [369] 跳过: 已完成
2026-03-29 12:59:53,255 [INFO] [368] 跳过: 已完成
2026-03-29 12:59:53,255 [INFO] [367] 跳过: 已完成
2026-03-29 12:59:53,255 [INFO] [366] 跳过: 已完成
2026-03-29 12:59:53,256 [INFO] [365] 跳过: 已完成
2026-03-29 12:59:53,258 [INFO] [364] 跳过: 已完成
2026-03-29 12:59:53,258 [INFO] [363] 跳过: 已完成
2026-03-29 12:59:53,258 [INFO] [362] 跳过: 已完成
2026-03-29 12:59:53,258 [INFO] [361] 跳过: 已完成
2026-03-29 12:59:53,259 [INFO] [360] 跳过: 已完成
2026-03-29 12:59:53,259 [INFO] [359] 跳过: 已完成
2026-03-29 12:59:53,259 [INFO] [358] 跳过: 已完成
2026-03-29 12:59:53,259 [INFO] [357] 跳过: 已完成
2026-03-29 12:59:53,259 [INFO] [356] 跳过: 已完成
2026-03-29 12:59:53,260 [INFO] [355] 跳过: 已完成
2026-03-29 12:59:53,260 [INFO] [354] 跳过: 已完成
2026-03-29 12:59:53,260 [INFO] [353] 跳过: 已完成
2026-03-29 12:59:53,261 [INFO] [352] 跳过: 已完成
2026-03-29 12:59:53,261 [INFO] [351] 跳过: 已完成
2026-03-29 12:59:53,261 [INFO] [350] 跳过: 已完成
2026-03-29 12:59:53,261 [INFO] [349] 跳过: 已完成
2026-03-29 12:59:53,262 [INFO] [348] 跳过: 已完成
2026-03-29 12:59:53,262 [INFO] [347] 跳过: 已完成
2026-03-29 12:59:53,262 [INFO] [346] 跳过: 已完成
2026-03-29 12:59:53,262 [INFO] [345] 跳过: 已完成
2026-03-29 12:59:53,263 [INFO] [344] 跳过: 已完成
2026-03-29 12:59:53,263 [INFO] [343] 跳过: 已完成
2026-03-29 12:59:53,263 [INFO] [342] 跳过: 已完成
2026-03-29 12:59:53,264 [INFO] [341] 跳过: 已完成
2026-03-29 12:59:53,264 [INFO] [340] 跳过: 已完成
2026-03-29 12:59:53,264 [INFO] [339] 跳过: 已完成
2026-03-29 12:59:53,264 [INFO] [338] 跳过: 已完成
2026-03-29 12:59:53,264 [INFO] [337] 跳过: 已完成
2026-03-29 12:59:53,265 [INFO] [336] 跳过: 已完成
2026-03-29 12:59:53,265 [INFO] [335] 跳过: 已完成
2026-03-29 12:59:53,265 [INFO] [334] 跳过: 已完成
2026-03-29 12:59:53,265 [INFO] [333] 跳过: 已完成
2026-03-29 12:59:53,266 [INFO] [332] 跳过: 已完成
2026-03-29 12:59:53,266 [INFO] [331] 跳过: 已完成
2026-03-29 12:59:53,266 [INFO] [330] 跳过: 已完成
2026-03-29 12:59:53,266 [INFO] [329] 跳过: 已完成
2026-03-29 12:59:53,267 [INFO] [328] 跳过: 已完成
2026-03-29 12:59:53,267 [INFO] [327] 跳过: 已完成
2026-03-29 12:59:53,267 [INFO] [326] 跳过: 已完成
2026-03-29 12:59:53,267 [INFO] [325] 跳过: 已完成
2026-03-29 12:59:53,268 [INFO] [324] 跳过: 已完成
2026-03-29 12:59:53,268 [INFO] [323] 跳过: 已完成
2026-03-29 12:59:53,268 [INFO] [322] 跳过: 已完成
2026-03-29 12:59:53,268 [INFO] [321] 跳过: 已完成
2026-03-29 12:59:53,268 [INFO] [320] 跳过: 已完成
2026-03-29 12:59:53,269 [INFO] [319] 跳过: 已完成
2026-03-29 12:59:53,269 [INFO] [318] 跳过: 已完成
2026-03-29 12:59:53,269 [INFO] [317] 跳过: 已完成
2026-03-29 12:59:53,269 [INFO] [316] 跳过: 已完成
2026-03-29 12:59:53,270 [INFO] [315] 跳过: 已完成
2026-03-29 12:59:53,270 [INFO] [314] 跳过: 已完成
2026-03-29 12:59:53,270 [INFO] [313] 跳过: 已完成
2026-03-29 12:59:53,270 [INFO] [312] 跳过: 已完成
2026-03-29 12:59:53,271 [INFO] [311] 跳过: 已完成
2026-03-29 12:59:53,271 [INFO] [310] 跳过: 已完成
2026-03-29 12:59:53,271 [INFO] [309] 跳过: 已完成
2026-03-29 12:59:53,271 [INFO] [308] 跳过: 已完成
2026-03-29 12:59:53,272 [INFO] [307] 跳过: 已完成
2026-03-29 12:59:53,273 [INFO] [306] 跳过: 已完成
2026-03-29 12:59:53,274 [INFO] [305] 跳过: 已完成
2026-03-29 12:59:53,274 [INFO] [304] 跳过: 已完成
2026-03-29 12:59:53,274 [INFO] [303] 跳过: 已完成
2026-03-29 12:59:53,274 [INFO] [302] 跳过: 已完成
2026-03-29 12:59:53,274 [INFO] [301] 跳过: 已完成
2026-03-29 12:59:53,275 [INFO] [300] 跳过: 已完成
2026-03-29 12:59:53,275 [INFO] [299] 跳过: 已完成
2026-03-29 12:59:53,275 [INFO] [298] 跳过: 已完成
2026-03-29 12:59:53,275 [INFO] [297] 跳过: 已完成
2026-03-29 12:59:53,276 [INFO] [296] 跳过: 已完成
2026-03-29 12:59:53,276 [INFO] [295] 跳过: 已完成
2026-03-29 12:59:53,276 [INFO] [294] 跳过: 已完成
2026-03-29 12:59:53,276 [INFO] [293] 跳过: 已完成
2026-03-29 12:59:53,277 [INFO] [292] 跳过: 已完成
2026-03-29 12:59:53,277 [INFO] [291] 跳过: 已完成
2026-03-29 12:59:53,277 [INFO] [290] 跳过: 已完成
2026-03-29 12:59:53,277 [INFO] [289] 跳过: 已完成
2026-03-29 12:59:53,278 [INFO] [288] 跳过: 已完成
2026-03-29 12:59:53,278 [INFO] [287] 跳过: 已完成
2026-03-29 12:59:53,278 [INFO] [286] 跳过: 已完成
2026-03-29 12:59:53,278 [INFO] [285] 跳过: 已完成
2026-03-29 12:59:53,279 [INFO] [284] 跳过: 已完成
2026-03-29 12:59:53,279 [INFO] [283] 跳过: 已完成
2026-03-29 12:59:53,279 [INFO] [282] 跳过: 已完成
2026-03-29 12:59:53,279 [INFO] [281] 跳过: 已完成
2026-03-29 12:59:53,279 [INFO] [280] 跳过: 已完成
2026-03-29 12:59:53,280 [INFO] [279] 跳过: 已完成
2026-03-29 12:59:53,280 [INFO] [278] 跳过: 已完成
2026-03-29 12:59:53,280 [INFO] [277] 跳过: 已完成
2026-03-29 12:59:53,280 [INFO] [276] 跳过: 已完成
2026-03-29 12:59:53,281 [INFO] [275] 跳过: 已完成
2026-03-29 12:59:53,281 [INFO] [274] 跳过: 已完成
2026-03-29 12:59:53,281 [INFO] [273] 跳过: 已完成
2026-03-29 12:59:53,281 [INFO] [272] 跳过: 已完成
2026-03-29 12:59:53,282 [INFO] [271] 跳过: 已完成
2026-03-29 12:59:53,282 [INFO] [270] 跳过: 已完成
2026-03-29 12:59:53,282 [INFO] [269] 跳过: 已完成
2026-03-29 12:59:53,282 [INFO] [268] 跳过: 已完成
2026-03-29 12:59:53,282 [INFO] [267] 跳过: 已完成
2026-03-29 12:59:53,283 [INFO] [266] 跳过: 已完成
2026-03-29 12:59:53,283 [INFO] [265] 跳过: 已完成
2026-03-29 12:59:53,283 [INFO] [264] 跳过: 已完成
2026-03-29 12:59:53,283 [INFO] [263] 跳过: 已完成
2026-03-29 12:59:53,284 [INFO] [262] 跳过: 已完成
2026-03-29 12:59:53,284 [INFO] [261] 跳过: 已完成
2026-03-29 12:59:53,284 [INFO] [260] 跳过: 已完成
2026-03-29 12:59:53,284 [INFO] [259] 跳过: 已完成
2026-03-29 12:59:53,285 [INFO] [258] 跳过: 已完成
2026-03-29 12:59:53,285 [INFO] [257] 跳过: 已完成
2026-03-29 12:59:53,285 [INFO] [256] 跳过: 已完成
2026-03-29 12:59:53,285 [INFO] [255] 跳过: 已完成
2026-03-29 12:59:53,286 [INFO] [254] 跳过: 已完成
2026-03-29 12:59:53,286 [INFO] [253] 跳过: 已完成
2026-03-29 12:59:53,286 [INFO] [252] 跳过: 已完成
2026-03-29 12:59:53,286 [INFO] [251] 跳过: 已完成
2026-03-29 12:59:53,286 [INFO] [250] 跳过: 已完成
2026-03-29 12:59:53,287 [INFO] [249] 跳过: 已完成
2026-03-29 12:59:53,287 [INFO] [248] 跳过: 已完成
2026-03-29 12:59:53,287 [INFO] [247] 跳过: 已完成
2026-03-29 12:59:53,287 [INFO] [246] 跳过: 已完成
2026-03-29 12:59:53,288 [INFO] [245] 跳过: 已完成
2026-03-29 12:59:53,289 [INFO] [244] 跳过: 已完成
2026-03-29 12:59:53,290 [INFO] [243] 跳过: 已完成
2026-03-29 12:59:53,290 [INFO] [242] 跳过: 已完成
2026-03-29 12:59:53,290 [INFO] [241] 跳过: 已完成
2026-03-29 12:59:53,290 [INFO] [240] 跳过: 已完成
2026-03-29 12:59:53,291 [INFO] [239] 跳过: 已完成
2026-03-29 12:59:53,291 [INFO] [238] 跳过: 已完成
2026-03-29 12:59:53,291 [INFO] [237] 跳过: 已完成
2026-03-29 12:59:53,291 [INFO] [236] 跳过: 已完成
2026-03-29 12:59:53,292 [INFO] [235] 跳过: 已完成
2026-03-29 12:59:53,292 [INFO] [234] 跳过: 已完成
2026-03-29 12:59:53,292 [INFO] [233] 跳过: 已完成
2026-03-29 12:59:53,292 [INFO] [232] 跳过: 已完成
2026-03-29 12:59:53,293 [INFO] [231] 跳过: 已完成
2026-03-29 12:59:53,293 [INFO] [230] 跳过: 已完成
2026-03-29 12:59:53,293 [INFO] [229] 跳过: 已完成
2026-03-29 12:59:53,293 [INFO] [228] 跳过: 已完成
2026-03-29 12:59:53,294 [INFO] [227] 跳过: 已完成
2026-03-29 12:59:53,294 [INFO] [226] 跳过: 已完成
2026-03-29 12:59:53,294 [INFO] [225] 跳过: 已完成
2026-03-29 12:59:53,294 [INFO] [224] 跳过: 已完成
2026-03-29 12:59:53,295 [INFO] [223] 跳过: 已完成
2026-03-29 12:59:53,295 [INFO] [222] 跳过: 已完成
2026-03-29 12:59:53,295 [INFO] [221] 跳过: 已完成
2026-03-29 12:59:53,295 [INFO] [220] 跳过: 已完成
2026-03-29 12:59:53,296 [INFO] [219] 跳过: 已完成
2026-03-29 12:59:53,296 [INFO] [218] 跳过: 已完成
2026-03-29 12:59:53,296 [INFO] [217] 跳过: 已完成
2026-03-29 12:59:53,296 [INFO] [216] 跳过: 已完成
2026-03-29 12:59:53,297 [INFO] [215] 跳过: 已完成
2026-03-29 12:59:53,297 [INFO] [214] 跳过: 已完成
2026-03-29 12:59:53,297 [INFO] [213] 跳过: 已完成
2026-03-29 12:59:53,297 [INFO] [212] 跳过: 已完成
2026-03-29 12:59:53,298 [INFO] [211] 跳过: 已完成
2026-03-29 12:59:53,298 [INFO] [210] 跳过: 已完成
2026-03-29 12:59:53,298 [INFO] [209] 跳过: 已完成
2026-03-29 12:59:53,298 [INFO] [208] 跳过: 已完成
2026-03-29 12:59:53,299 [INFO] [207] 跳过: 已完成
2026-03-29 12:59:53,299 [INFO] [206] 跳过: 已完成
2026-03-29 12:59:53,299 [INFO] [205] 跳过: 已完成
2026-03-29 12:59:53,299 [INFO] [204] 跳过: 已完成
2026-03-29 12:59:53,299 [INFO] [203] 跳过: 已完成
2026-03-29 12:59:53,300 [INFO] [202] 跳过: 已完成
2026-03-29 12:59:53,300 [INFO] [201] 跳过: 已完成
2026-03-29 12:59:53,300 [INFO] [200] 跳过: 已完成
2026-03-29 12:59:53,300 [INFO] [199] 跳过: 已完成
2026-03-29 12:59:53,301 [INFO] [198] 跳过: 已完成
2026-03-29 12:59:53,301 [INFO] [197] 跳过: 已完成
2026-03-29 12:59:53,301 [INFO] [196] 跳过: 已完成
2026-03-29 12:59:53,301 [INFO] [195] 跳过: 已完成
2026-03-29 12:59:53,302 [INFO] [194] 跳过: 已完成
2026-03-29 12:59:53,302 [INFO] [193] 跳过: 已完成
2026-03-29 12:59:53,302 [INFO] [192] 跳过: 已完成
2026-03-29 12:59:53,302 [INFO] [191] 跳过: 已完成
2026-03-29 12:59:53,302 [INFO] [190] 跳过: 已完成
2026-03-29 12:59:53,303 [INFO] [189] 跳过: 已完成
2026-03-29 12:59:53,303 [INFO] [188] 跳过: 已完成
2026-03-29 12:59:53,303 [INFO] [187] 跳过: 已完成
2026-03-29 12:59:53,303 [INFO] [186] 跳过: 已完成
2026-03-29 12:59:53,304 [INFO] [185] 跳过: 已完成
2026-03-29 12:59:53,305 [INFO] [184] 跳过: 已完成
2026-03-29 12:59:53,306 [INFO] [183] 跳过: 已完成
2026-03-29 12:59:53,306 [INFO] [182] 跳过: 已完成
2026-03-29 12:59:53,306 [INFO] [181] 跳过: 已完成
2026-03-29 12:59:53,306 [INFO] [180] 跳过: 已完成
2026-03-29 12:59:53,306 [INFO] [179] 跳过: 已完成
2026-03-29 12:59:53,307 [INFO] [178] 跳过: 已完成
2026-03-29 12:59:53,307 [INFO] [177] 跳过: 已完成
2026-03-29 12:59:53,307 [INFO] [176] 跳过: 已完成
2026-03-29 12:59:53,307 [INFO] [175] 跳过: 已完成
2026-03-29 12:59:53,308 [INFO] [174] 跳过: 已完成
2026-03-29 12:59:53,308 [INFO] [173] 跳过: 已完成
2026-03-29 12:59:53,308 [INFO] [172] 跳过: 已完成
2026-03-29 12:59:53,308 [INFO] [171] 跳过: 已完成
2026-03-29 12:59:53,309 [INFO] [170] 跳过: 已完成
2026-03-29 12:59:53,309 [INFO] [169] 跳过: 已完成
2026-03-29 12:59:53,309 [INFO] [168] 跳过: 已完成
2026-03-29 12:59:53,309 [INFO] [167] 跳过: 已完成
2026-03-29 12:59:53,309 [INFO] [166] 跳过: 已完成
2026-03-29 12:59:53,310 [INFO] [165] 跳过: 已完成
2026-03-29 12:59:53,310 [INFO] [164] 跳过: 已完成
2026-03-29 12:59:53,310 [INFO] [163] 跳过: 已完成
2026-03-29 12:59:53,310 [INFO] [162] 跳过: 已完成
2026-03-29 12:59:53,311 [INFO] [161] 跳过: 已完成
2026-03-29 12:59:53,311 [INFO] [160] 跳过: 已完成
2026-03-29 12:59:53,311 [INFO] [159] 跳过: 已完成
2026-03-29 12:59:53,311 [INFO] [158] 跳过: 已完成
2026-03-29 12:59:53,312 [INFO] [157] 跳过: 已完成
2026-03-29 12:59:53,312 [INFO] [156] 跳过: 已完成
2026-03-29 12:59:53,312 [INFO] [155] 跳过: 已完成
2026-03-29 12:59:53,312 [INFO] [154] 跳过: 已完成
2026-03-29 12:59:53,313 [INFO] [153] 跳过: 已完成
2026-03-29 12:59:53,313 [INFO] [152] 跳过: 已完成
2026-03-29 12:59:53,313 [INFO] [151] 跳过: 已完成
2026-03-29 12:59:53,313 [INFO] [150] 跳过: 已完成
2026-03-29 12:59:53,314 [INFO] [149] 跳过: 已完成
2026-03-29 12:59:53,314 [INFO] [147] 跳过: 已完成
2026-03-29 12:59:53,314 [INFO] [146] 跳过: 已完成
2026-03-29 12:59:53,315 [INFO] [145] 跳过: 已完成
2026-03-29 12:59:53,315 [INFO] [144] 跳过: 已完成
2026-03-29 12:59:53,315 [INFO] [143] 跳过: 已完成
2026-03-29 12:59:53,315 [INFO] [142] 跳过: 已完成
2026-03-29 12:59:53,316 [INFO] [141] 跳过: 已完成
2026-03-29 12:59:53,316 [INFO] [140] 跳过: 已完成
2026-03-29 12:59:53,316 [INFO] [139] 跳过: 已完成
2026-03-29 12:59:53,316 [INFO] [138] 跳过: 已完成
2026-03-29 12:59:53,317 [INFO] [137] 跳过: 已完成
2026-03-29 12:59:53,317 [INFO] [136] 跳过: 已完成
2026-03-29 12:59:53,317 [INFO] [135] 跳过: 已完成
2026-03-29 12:59:53,317 [INFO] [134] 跳过: 已完成
2026-03-29 12:59:53,317 [INFO] [133] 跳过: 已完成
2026-03-29 12:59:53,318 [INFO] [132] 跳过: 已完成
2026-03-29 12:59:53,318 [INFO] [131] 跳过: 已完成
2026-03-29 12:59:53,318 [INFO] [130] 跳过: 已完成
2026-03-29 12:59:53,318 [INFO] [129] 跳过: 已完成
2026-03-29 12:59:53,319 [INFO] [128] 跳过: 已完成
2026-03-29 12:59:53,319 [INFO] [127] 跳过: 已完成
2026-03-29 12:59:53,319 [INFO] [126] 跳过: 已完成
2026-03-29 12:59:53,319 [INFO] [125] 跳过: 已完成
2026-03-29 12:59:53,320 [INFO] [124] 跳过: 已完成
2026-03-29 12:59:53,322 [INFO] [123] 跳过: 已完成
2026-03-29 12:59:53,322 [INFO] [122] 跳过: 已完成
2026-03-29 12:59:53,323 [INFO] [121] 跳过: 已完成
2026-03-29 12:59:53,323 [INFO] [120] 跳过: 已完成
2026-03-29 12:59:53,323 [INFO] [119] 跳过: 已完成
2026-03-29 12:59:53,323 [INFO] [118] 跳过: 已完成
2026-03-29 12:59:53,323 [INFO] [117] 跳过: 已完成
2026-03-29 12:59:53,324 [INFO] [116] 跳过: 已完成
2026-03-29 12:59:53,324 [INFO] [115] 跳过: 已完成
2026-03-29 12:59:53,324 [INFO] [114] 跳过: 已完成
2026-03-29 12:59:53,324 [INFO] [113] 跳过: 已完成
2026-03-29 12:59:53,325 [INFO] [112] 跳过: 已完成
2026-03-29 12:59:53,325 [INFO] [111] 跳过: 已完成
2026-03-29 12:59:53,325 [INFO] [110] 跳过: 已完成
2026-03-29 12:59:53,325 [INFO] [109] 跳过: 已完成
2026-03-29 12:59:53,326 [INFO] [108] 跳过: 已完成
2026-03-29 12:59:53,326 [INFO] [107] 跳过: 已完成
2026-03-29 12:59:53,326 [INFO] [106] 跳过: 已完成
2026-03-29 12:59:53,326 [INFO] [105] 跳过: 已完成
2026-03-29 12:59:53,326 [INFO] [104] 跳过: 已完成
2026-03-29 12:59:53,327 [INFO] [103] 跳过: 已完成
2026-03-29 12:59:53,327 [INFO] [102] 跳过: 已完成
2026-03-29 12:59:53,327 [INFO] [101] 跳过: 已完成
2026-03-29 12:59:53,327 [INFO] [100] 跳过: 已完成
2026-03-29 12:59:53,328 [INFO] [99] 跳过: 已完成
2026-03-29 12:59:53,328 [INFO] [98] 跳过: 已完成
2026-03-29 12:59:53,328 [INFO] [97] 跳过: 已完成
2026-03-29 12:59:53,328 [INFO] [96] 跳过: 已完成
2026-03-29 12:59:53,329 [INFO] [95] 跳过: 已完成
2026-03-29 12:59:53,329 [INFO] [94] 跳过: 已完成
2026-03-29 12:59:53,329 [INFO] [93] 跳过: 已完成
2026-03-29 12:59:53,329 [INFO] [92] 跳过: 已完成
2026-03-29 12:59:53,330 [INFO] [91] 跳过: 已完成
2026-03-29 12:59:53,330 [INFO] [90] 跳过: 已完成
2026-03-29 12:59:53,330 [INFO] [89] 跳过: 已完成
2026-03-29 12:59:53,331 [INFO] [88] 跳过: 已完成
2026-03-29 12:59:53,331 [INFO] [87] 跳过: 已完成
2026-03-29 12:59:53,331 [INFO] [86] 跳过: 已完成
2026-03-29 12:59:53,331 [INFO] [85] 跳过: 已完成
2026-03-29 12:59:53,332 [INFO] [84] 跳过: 已完成
2026-03-29 12:59:53,332 [INFO] [83] 跳过: 已完成
2026-03-29 12:59:53,332 [INFO] [82] 跳过: 已完成
2026-03-29 12:59:53,332 [INFO] [81] 跳过: 已完成
2026-03-29 12:59:53,333 [INFO] [80] 跳过: 已完成
2026-03-29 12:59:53,333 [INFO] [79] 跳过: 已完成
2026-03-29 12:59:53,333 [INFO] [78] 跳过: 已完成
2026-03-29 12:59:53,333 [INFO] [77] 跳过: 已完成
2026-03-29 12:59:53,333 [INFO] [76] 跳过: 已完成
2026-03-29 12:59:53,334 [INFO] [75] 跳过: 已完成
2026-03-29 12:59:53,334 [INFO] [74] 跳过: 已完成
2026-03-29 12:59:53,334 [INFO] [73] 跳过: 已完成
2026-03-29 12:59:53,334 [INFO] [72] 跳过: 已完成
2026-03-29 12:59:53,335 [INFO] [71] 跳过: 已完成
2026-03-29 12:59:53,335 [INFO] [70] 跳过: 已完成
2026-03-29 12:59:53,335 [INFO] [69] 跳过: 已完成
2026-03-29 12:59:53,335 [INFO] [68] 跳过: 已完成
2026-03-29 12:59:53,336 [INFO] [67] 跳过: 已完成
2026-03-29 12:59:53,338 [INFO] [66] 跳过: 已完成
2026-03-29 12:59:53,338 [INFO] [65] 跳过: 已完成
2026-03-29 12:59:53,338 [INFO] [64] 跳过: 已完成
2026-03-29 12:59:53,338 [INFO] [63] 跳过: 已完成
2026-03-29 12:59:53,339 [INFO] [62] 跳过: 已完成
2026-03-29 12:59:53,339 [INFO] [61] 跳过: 已完成
2026-03-29 12:59:53,339 [INFO] [60] 跳过: 已完成
2026-03-29 12:59:53,339 [INFO] [59] 跳过: 已完成
2026-03-29 12:59:53,339 [INFO] [58] 跳过: 已完成
2026-03-29 12:59:53,340 [INFO] [57] 跳过: 已完成
2026-03-29 12:59:53,340 [INFO] [56] 跳过: 已完成
2026-03-29 12:59:53,340 [INFO] [55] 跳过: 已完成
2026-03-29 12:59:53,340 [INFO] [54] 跳过: 已完成
2026-03-29 12:59:53,341 [INFO] [53] 跳过: 已完成
2026-03-29 12:59:53,341 [INFO] [52] 跳过: 已完成
2026-03-29 12:59:53,341 [INFO] [51] 跳过: 已完成
2026-03-29 12:59:53,341 [INFO] [50] 跳过: 已完成
2026-03-29 12:59:53,342 [INFO] [49] 跳过: 已完成
2026-03-29 12:59:53,342 [INFO] [48] 跳过: 已完成
2026-03-29 12:59:53,342 [INFO] [47] 跳过: 已完成
2026-03-29 12:59:53,342 [INFO] [46] 跳过: 已完成
2026-03-29 12:59:53,343 [INFO] [45] 跳过: 已完成
2026-03-29 12:59:53,343 [INFO] [44] 跳过: 已完成
2026-03-29 12:59:53,343 [INFO] [43] 跳过: 已完成
2026-03-29 12:59:53,343 [INFO] [42] 跳过: 已完成
2026-03-29 12:59:53,344 [INFO] [41] 跳过: 已完成
2026-03-29 12:59:53,344 [INFO] [40] 跳过: 已完成
2026-03-29 12:59:53,344 [INFO] [39] 跳过: 已完成
2026-03-29 12:59:53,344 [INFO] [38] 跳过: 已完成
2026-03-29 12:59:53,345 [INFO] [37] 跳过: 已完成
2026-03-29 12:59:53,345 [INFO] [36] 跳过: 已完成
2026-03-29 12:59:53,345 [INFO] [35] 跳过: 已完成
2026-03-29 12:59:53,345 [INFO] [34] 跳过: 已完成
2026-03-29 12:59:53,345 [INFO] [33] 跳过: 已完成
2026-03-29 12:59:53,346 [INFO] [32] 跳过: 已完成
2026-03-29 12:59:53,346 [INFO] [31] 跳过: 已完成
2026-03-29 12:59:53,346 [INFO] [30] 跳过: 已完成
2026-03-29 12:59:53,346 [INFO] [29] 跳过: 已完成
2026-03-29 12:59:53,347 [INFO] [28] 跳过: 已完成
2026-03-29 12:59:53,347 [INFO] [27] 跳过: 已完成
2026-03-29 12:59:53,347 [INFO] [26] 跳过: 已完成
2026-03-29 12:59:53,347 [INFO] [25] 跳过: 已完成
2026-03-29 12:59:53,348 [INFO] [24] 跳过: 已完成
2026-03-29 12:59:53,348 [INFO] [23] 跳过: 已完成
2026-03-29 12:59:53,348 [INFO] [22] 跳过: 已完成
2026-03-29 12:59:53,348 [INFO] [21] 跳过: 已完成
2026-03-29 12:59:53,348 [INFO] [20] 跳过: 已完成
2026-03-29 12:59:53,349 [INFO] [19] 跳过: 已完成
2026-03-29 12:59:53,349 [INFO] [18] 跳过: 已完成
2026-03-29 12:59:53,349 [INFO] [17] 跳过: 已完成
2026-03-29 12:59:53,349 [INFO] [16] 跳过: 已完成
2026-03-29 12:59:53,350 [INFO] [15] 跳过: 已完成
2026-03-29 12:59:53,350 [INFO] [14] 跳过: 已完成
2026-03-29 12:59:53,350 [INFO] [13] 跳过: 已完成
2026-03-29 12:59:53,350 [INFO] [12] 跳过: 已完成
2026-03-29 12:59:53,351 [INFO] [11] 跳过: 已完成
2026-03-29 12:59:53,353 [INFO] [10] 跳过: 已完成
2026-03-29 12:59:53,353 [INFO] [9] 跳过: 已完成
2026-03-29 12:59:53,353 [INFO] [8] 跳过: 已完成
2026-03-29 12:59:53,353 [INFO] [7] 跳过: 已完成
2026-03-29 12:59:53,354 [INFO] [6] 跳过: 已完成
2026-03-29 12:59:53,354 [INFO] [5] 跳过: 已完成
2026-03-29 12:59:53,354 [INFO] [4] 跳过: 已完成
2026-03-29 12:59:53,354 [INFO] [3] 跳过: 已完成
2026-03-29 12:59:53,355 [INFO] [2] 跳过: 已完成
2026-03-29 12:59:53,355 [INFO] [1] 跳过: 已完成
2026-03-29 12:59:53,355 [INFO] 
============================================================
2026-03-29 12:59:53,355 [INFO] 抓取完成!
2026-03-29 12:59:53,356 [INFO] 总计: 438 篇
2026-03-29 12:59:53,356 [INFO] 成功: 438 篇
2026-03-29 12:59:53,356 [INFO] 失败: 0 篇
2026-03-29 12:59:53,356 [INFO] ============================================================
